<?xml version="1.0" encoding="UTF-8"?>
<!-- Generated by org.testng.reporters.JUnitXMLReporter -->
<testsuite ignored="0" hostname="LAPTOP-2GEIVD6F" failures="0" tests="5" name="Test" time="49.134" errors="0" timestamp="2022-10-28T15:43:48 IST">
  <testcase classname="tests.FourTest" name="Testfour" time="0.013"/>
  <testcase classname="tests.TwoTest" name="testTwo" time="0.001"/>
  <testcase classname="tests.Logintest" name="Login" time="20.547"/>
  <testcase classname="tests.Logintest" name="Login" time="11.318"/>
  <testcase classname="tests.ThreeTest" name="TestThree" time="0.002"/>
</testsuite> <!-- Test -->
