<?xml version="1.0" encoding="UTF-8"?>
<!-- Generated by org.testng.reporters.JUnitXMLReporter -->
<testsuite ignored="0" hostname="LAPTOP-2GEIVD6F" failures="0" tests="5" name="Test" time="59.31" errors="0" timestamp="2022-10-28T15:23:09 IST">
  <testcase classname="tests.FourTest" name="Testfour" time="0.009"/>
  <testcase classname="tests.TwoTest" name="testTwo" time="0.0"/>
  <testcase classname="tests.Logintest" name="Login" time="20.937"/>
  <testcase classname="tests.Logintest" name="Login" time="15.378"/>
  <testcase classname="tests.ThreeTest" name="TestThree" time="0.001"/>
</testsuite> <!-- Test -->
