<?xml version="1.0" encoding="UTF-8"?>
<testng-results ignored="0" total="5" passed="5" failed="0" skipped="0">
  <reporter-output>
  </reporter-output>
  <suite started-at="2022-10-28T15:22:09 IST" name="Suite" finished-at="2022-10-28T15:23:09 IST" duration-ms="59310">
    <groups>
    </groups>
    <test started-at="2022-10-28T15:22:09 IST" name="Test" finished-at="2022-10-28T15:23:09 IST" duration-ms="59310">
      <class name="tests.FourTest">
        <test-method signature="Testfour()[pri:0, instance:tests.FourTest@d86a6f]" started-at="2022-10-28T15:22:09 IST" name="Testfour" finished-at="2022-10-28T15:22:09 IST" duration-ms="9" status="PASS">
          <reporter-output>
          </reporter-output>
        </test-method> <!-- Testfour -->
      </class> <!-- tests.FourTest -->
      <class name="tests.Logintest">
        <test-method is-config="true" signature="openApplication()[pri:0, instance:tests.Logintest@76a4ebf2]" started-at="2022-10-28T15:22:09 IST" name="openApplication" finished-at="2022-10-28T15:22:23 IST" duration-ms="13191" status="PASS">
          <reporter-output>
          </reporter-output>
        </test-method> <!-- openApplication -->
        <test-method signature="Login(java.lang.String,java.lang.String,java.lang.String)[pri:0, instance:tests.Logintest@76a4ebf2]" started-at="2022-10-28T15:22:23 IST" name="Login" data-provider="getLoginData" finished-at="2022-10-28T15:22:44 IST" duration-ms="20937" status="PASS">
          <params>
            <param index="0">
              <value>
                <![CDATA[arun.selenium@gmail.com]]>
              </value>
            </param>
            <param index="1">
              <value>
                <![CDATA[Arun@12345]]>
              </value>
            </param>
            <param index="2">
              <value>
                <![CDATA[Failure]]>
              </value>
            </param>
          </params>
          <reporter-output>
          </reporter-output>
        </test-method> <!-- Login -->
        <test-method is-config="true" signature="closure()[pri:0, instance:tests.Logintest@76a4ebf2]" started-at="2022-10-28T15:22:44 IST" name="closure" finished-at="2022-10-28T15:22:44 IST" duration-ms="99" status="PASS">
          <reporter-output>
          </reporter-output>
        </test-method> <!-- closure -->
        <test-method is-config="true" signature="openApplication()[pri:0, instance:tests.Logintest@76a4ebf2]" started-at="2022-10-28T15:22:44 IST" name="openApplication" finished-at="2022-10-28T15:22:53 IST" duration-ms="9443" status="PASS">
          <reporter-output>
          </reporter-output>
        </test-method> <!-- openApplication -->
        <test-method signature="Login(java.lang.String,java.lang.String,java.lang.String)[pri:0, instance:tests.Logintest@76a4ebf2]" started-at="2022-10-28T15:22:53 IST" name="Login" data-provider="getLoginData" finished-at="2022-10-28T15:23:08 IST" duration-ms="15378" status="PASS">
          <params>
            <param index="0">
              <value>
                <![CDATA[gaikwadsakshi0303@gmail.com]]>
              </value>
            </param>
            <param index="1">
              <value>
                <![CDATA[Sakshi@12345]]>
              </value>
            </param>
            <param index="2">
              <value>
                <![CDATA[Successfull]]>
              </value>
            </param>
          </params>
          <reporter-output>
          </reporter-output>
        </test-method> <!-- Login -->
        <test-method is-config="true" signature="closure()[pri:0, instance:tests.Logintest@76a4ebf2]" started-at="2022-10-28T15:23:08 IST" name="closure" finished-at="2022-10-28T15:23:09 IST" duration-ms="149" status="PASS">
          <reporter-output>
          </reporter-output>
        </test-method> <!-- closure -->
      </class> <!-- tests.Logintest -->
      <class name="tests.ThreeTest">
        <test-method signature="TestThree()[pri:0, instance:tests.ThreeTest@7f485fda]" started-at="2022-10-28T15:23:09 IST" name="TestThree" finished-at="2022-10-28T15:23:09 IST" duration-ms="1" status="PASS">
          <reporter-output>
          </reporter-output>
        </test-method> <!-- TestThree -->
      </class> <!-- tests.ThreeTest -->
      <class name="tests.TwoTest">
        <test-method signature="testTwo()[pri:0, instance:tests.TwoTest@2a265ea9]" started-at="2022-10-28T15:22:09 IST" name="testTwo" finished-at="2022-10-28T15:22:09 IST" duration-ms="0" status="PASS">
          <reporter-output>
          </reporter-output>
        </test-method> <!-- testTwo -->
      </class> <!-- tests.TwoTest -->
    </test> <!-- Test -->
  </suite> <!-- Suite -->
</testng-results>
